  GBuffer.cpp
  GLM_GTX_hash requires C++11 standard library support
  Grid.cpp
  HeatSystem.cpp
  GLM_GTX_hash requires C++11 standard library support
C:\Users\tsundoku\Documents\Visual Studio 2022\Projects\HeatSpectra\HeatSpectra\HeatSystem.cpp(125,80): warning C4267: 'argument': conversion from 'size_t' to 'uint32_t', possible loss of data
C:\Users\tsundoku\Documents\Visual Studio 2022\Projects\HeatSpectra\HeatSpectra\HeatSystem.cpp(179,26): warning C4267: 'initializing': conversion from 'size_t' to 'int', possible loss of data
C:\Users\tsundoku\Documents\Visual Studio 2022\Projects\HeatSpectra\HeatSpectra\HeatSystem.cpp(195,39): warning C4267: '=': conversion from 'size_t' to 'int', possible loss of data
C:\Users\tsundoku\Documents\Visual Studio 2022\Projects\HeatSpectra\HeatSpectra\HeatSystem.cpp(207,48): warning C4267: '=': conversion from 'size_t' to 'int', possible loss of data
C:\Users\tsundoku\Documents\Visual Studio 2022\Projects\HeatSpectra\HeatSpectra\HeatSystem.cpp(255,20): warning C4101: 'error_code': unreferenced local variable
C:\Users\tsundoku\Documents\Visual Studio 2022\Projects\HeatSpectra\HeatSpectra\HeatSystem.cpp(549,46): warning C4244: '=': conversion from 'int' to 'float', possible loss of data
C:\Users\tsundoku\Documents\Visual Studio 2022\Projects\HeatSpectra\HeatSpectra\HeatSystem.cpp(639,43): warning C4267: '=': conversion from 'size_t' to 'uint32_t', possible loss of data
C:\Users\tsundoku\Documents\Visual Studio 2022\Projects\HeatSpectra\HeatSpectra\HeatSystem.cpp(805,43): warning C4267: '=': conversion from 'size_t' to 'uint32_t', possible loss of data
C:\Users\tsundoku\Documents\Visual Studio 2022\Projects\HeatSpectra\HeatSpectra\HeatSystem.cpp(909,27): warning C4267: 'initializing': conversion from 'size_t' to 'uint32_t', possible loss of data
C:\Users\tsundoku\Documents\Visual Studio 2022\Projects\HeatSpectra\HeatSpectra\HeatSystem.cpp(919,26): warning C4267: 'initializing': conversion from 'size_t' to 'uint32_t', possible loss of data
LINK : warning LNK4098: defaultlib 'MSVCRT' conflicts with use of other libs; use /NODEFAULTLIB:library
  Generating code
  5 of 4369 functions ( 0.1%) were compiled, the rest were copied from previous compilation.
    0 functions were new in current compilation
    62 functions had inline decision re-evaluated but remain unchanged
  Finished generating code
  HeatSpectra.vcxproj -> C:\Users\tsundoku\Documents\Visual Studio 2022\Projects\HeatSpectra\x64\Release\HeatSpectra.exe
